<?xml version="1.0" encoding="UTF-8"?>
<testng-results ignored="0" total="1" passed="1" failed="0" skipped="0">
  <reporter-output>
  </reporter-output>
  <suite started-at="2022-06-14T21:59:01 BDT" name="Default suite" finished-at="2022-06-14T21:59:18 BDT" duration-ms="16520">
    <groups>
    </groups>
    <test started-at="2022-06-14T21:59:01 BDT" name="Default test" finished-at="2022-06-14T21:59:18 BDT" duration-ms="16520">
      <class name="testCasesPackage.LoginAndIdeaSubmission">
        <test-method is-config="true" signature="initializeDriver()[pri:0, instance:testCasesPackage.LoginAndIdeaSubmission@4e91d63f]" started-at="2022-06-14T21:58:46 BDT" name="initializeDriver" finished-at="2022-06-14T21:59:01 BDT" duration-ms="14986" status="PASS">
          <reporter-output>
          </reporter-output>
        </test-method> <!-- initializeDriver -->
        <test-method signature="Login_and_submission(java.lang.String, java.lang.String)[pri:0, instance:testCasesPackage.LoginAndIdeaSubmission@4e91d63f]" started-at="2022-06-14T21:59:01 BDT" name="Login_and_submission" data-provider="getData" finished-at="2022-06-14T21:59:18 BDT" duration-ms="16427" status="PASS">
          <params>
            <param index="0">
              <value>
                <![CDATA[makid94haider@gmail.com]]>
              </value>
            </param>
            <param index="1">
              <value>
                <![CDATA[ideascaleP01]]>
              </value>
            </param>
          </params>
          <reporter-output>
          </reporter-output>
        </test-method> <!-- Login_and_submission -->
        <test-method is-config="true" signature="TearDown()[pri:0, instance:testCasesPackage.LoginAndIdeaSubmission@4e91d63f]" started-at="2022-06-14T21:59:18 BDT" name="TearDown" finished-at="2022-06-14T21:59:18 BDT" duration-ms="863" status="PASS">
          <reporter-output>
          </reporter-output>
        </test-method> <!-- TearDown -->
      </class> <!-- testCasesPackage.LoginAndIdeaSubmission -->
    </test> <!-- Default test -->
  </suite> <!-- Default suite -->
</testng-results>
